        -:    0:Source:src/triangulo.cpp
        -:    0:Programs:12
        -:    1:#include "triangulo.h"
        -:    2:
       57:    3:Triangulo::Triangulo(double x, double y, double z){
       57:    4:  if(x<0 || y<0 || z<0){
       60:    5:    throw TrianguloInvalidoException("Os parâmetros devem ser positivos");
        -:    6:  }
        -:    7:
       37:    8:  double max = std::max({x,y,z});
       37:    9:  if(max > (x+y+z-max)){
       48:   10:    throw TrianguloInvalidoException("Não satisfaz a condição de existencia de um triângulo");
        -:   11:  }
       21:   12:  this->_x = x;
       21:   13:  this->_y = y;
       21:   14:  this->_z = z;
       21:   15:}
        -:   16:
       18:   17:Tipo Triangulo::determinar_tipo(){
       18:   18:  if(this->_x ==  this->_y && this->_y == this->_z){
        -:   19:    return EQUILATERO;
        -:   20:  }
       12:   21:  if(this->_x !=  this->_y && this->_y != this->_z && this->_z != this->_x){
        6:   22:    return ESCALENO;
        -:   23:  }
        -:   24:  return ISOSCELES;
        -:   25:}
