        -:    0:Source:src/torre.cpp
        -:    0:Programs:40
        -:    1:#include "torre.h"
        -:    2:#include "tabuleiro.h"
        -:    3:
      264:    4:Torre::Torre(int x, int y, std::string &cor) : Peca("♜", cor, x, y) {}
[45;37m[K      128[m[K:    5:Torre::~Torre() {}
------------------
[36m[K_ZN5TorreD0Ev[m[K:
      128:    5:Torre::~Torre() {}
------------------
[36m[K_ZN5TorreD2Ev[m[K:
[41;37m[K        0[m[K:    5:Torre::~Torre() {}
------------------
        -:    6:
       20:    7:bool Torre::pode_mover(int x, int y)
        -:    8:{
       20:    9:  return (x == 0 || y == 0);
        -:   10:}
        -:   11:
       12:   12:bool Torre::tem_peca_na_frente(int x, int y, Tabuleiro *t)
        -:   13:{
       12:   14:  int j = this->_p._x, k = this->_p._y, acrescimo_j, acrescimo_k;
        -:   15:
       12:   16:  if (this->_p._x == x)
        -:   17:  {
        -:   18:    //movimento no eixo y
        8:   19:    acrescimo_j = 0;
        8:   20:    acrescimo_k = y > this->_p._y ? 1 : -1;
        -:   21:  }
        -:   22:  else
        -:   23:  {
        -:   24:    //movimento no eixo x
        4:   25:    acrescimo_k = 0;
        4:   26:    acrescimo_j = x > this->_p._x ? 1 : -1;
        -:   27:  }
        -:   28:
       12:   29:  j += acrescimo_j;
       12:   30:  k += acrescimo_k;
        -:   31:
       32:   32:  while (j != x || k != y)
        -:   33:  {
       24:   34:    if (t->tem_peca(j, k))
        -:   35:    {
        -:   36:      return true;
        -:   37:    }
       20:   38:    j += acrescimo_j;
       20:   39:    k += acrescimo_k;
        -:   40:  }
        8:   41:  return t->tem_peca(j, k);
        -:   42:}
