        -:    0:Source:src/rei.cpp
        -:    0:Programs:40
        -:    1:#include "rei.h"
        -:    2:#include "tabuleiro.h"
        -:    3:
      136:    4:Rei::Rei(int x, int y, std::string &cor) : Peca("♔", cor, x, y) {}
[45;37m[K       64[m[K:    5:Rei::~Rei() {}
------------------
[36m[K_ZN3ReiD0Ev[m[K:
       64:    5:Rei::~Rei() {}
------------------
[36m[K_ZN3ReiD2Ev[m[K:
[41;37m[K        0[m[K:    5:Rei::~Rei() {}
------------------
        -:    6:
       32:    7:bool Rei::pode_mover(int x, int y)
        -:    8:{
       32:    9:  return std::abs(x) < 2 && std::abs(y) < 2;
        -:   10:}
        -:   11:
       24:   12:bool Rei::tem_peca_na_frente(int x, int y, Tabuleiro *t)
        -:   13:{
       24:   14:  return t->tem_peca(x, y);
        -:   15:}
