        -:    0:Source:src/peao.cpp
        -:    0:Programs:40
        -:    1:#include "peao.h"
        -:    2:#include "tabuleiro.h"
        -:    3:
       1k:    4:Peao::Peao(int x, int y, std::string &cor, bool ehPositivo) : Peca("♟", cor, x, y), _positivo(ehPositivo) {}
[45;37m[K      512[m[K:    5:Peao::~Peao() {}
------------------
[36m[K_ZN4PeaoD0Ev[m[K:
      512:    5:Peao::~Peao() {}
------------------
[36m[K_ZN4PeaoD2Ev[m[K:
[41;37m[K        0[m[K:    5:Peao::~Peao() {}
------------------
        -:    6:
       40:    7:bool Peao::pode_mover(int x, int y)
        -:    8:{
       40:    9:  if (this->_positivo)
        -:   10:  {
       32:   11:    return x == 0 && y == 1;
        -:   12:  }
        8:   13:  return x == 0 && y == -1;
        -:   14:}
       32:   15:bool Peao::tem_peca_na_frente(int x, int y, Tabuleiro *t)
        -:   16:{
       32:   17:  return t->tem_peca(x, y);
        -:   18:}
