        -:    0:Source:src/rainha.cpp
        -:    0:Programs:40
        -:    1:#include "rainha.h"
        -:    2:#include "tabuleiro.h"
        -:    3:
      136:    4:Rainha::Rainha(int x, int y, std::string &cor) : Peca("♛", cor, x, y) {}
[45;37m[K       64[m[K:    5:Rainha::~Rainha() {}
------------------
[36m[K_ZN6RainhaD0Ev[m[K:
       64:    5:Rainha::~Rainha() {}
------------------
[36m[K_ZN6RainhaD2Ev[m[K:
[41;37m[K        0[m[K:    5:Rainha::~Rainha() {}
------------------
        -:    6:
       36:    7:bool Rainha::pode_mover(int x, int y)
        -:    8:{
       36:    9:  return ((std::abs(x) == std::abs(y) || (x == 0 || y == 0)));
        -:   10:}
        -:   11:
       28:   12:bool Rainha::tem_peca_na_frente(int x, int y, Tabuleiro *t)
        -:   13:{
       28:   14:  int j = this->_p._x, k = this->_p._y, acrescimo_j, acrescimo_k;
        -:   15:
       28:   16:  if (x == this->_p._x)
        -:   17:  {
        -:   18:    acrescimo_j = 0;
        -:   19:  }
       16:   20:  else if (x > this->_p._x)
        -:   21:  {
        -:   22:    acrescimo_j = 1;
        -:   23:  }
        -:   24:  else
        -:   25:  {
        8:   26:    acrescimo_j = -1;
        -:   27:  }
        -:   28:
       28:   29:  if (y == this->_p._y)
        -:   30:  {
        -:   31:    acrescimo_k = 0;
        -:   32:  }
       20:   33:  else if (y > this->_p._y)
        -:   34:  {
        -:   35:    acrescimo_k = 1;
        -:   36:  }
        -:   37:  else
        -:   38:  {
        4:   39:    acrescimo_k = -1;
        -:   40:  }
        -:   41:
       28:   42:  j += acrescimo_j;
       28:   43:  k += acrescimo_k;
        -:   44:
       52:   45:  while (j != x || k != y)
        -:   46:  {
       28:   47:    if (t->tem_peca(j, k))
        -:   48:    {
        -:   49:      return true;
        -:   50:    }
       24:   51:    j += acrescimo_j;
       24:   52:    k += acrescimo_k;
        -:   53:  }
       24:   54:  return t->tem_peca(x, y);
        -:   55:}
